

Error log timestamp Saturday 03/22/14 10:06:49 PM

Runtime error: "iniFilename" not understood

MessageNotUnderstood>>defaultAction
MessageNotUnderstood(Exception)>>activateHandler: <anUndefinedObject> 
MessageNotUnderstood(Exception)>>handle
MessageNotUnderstood(Exception)>>signal
MessageNotUnderstood class>>message: <aMessage> 
Basic class(Object)>>doesNotUnderstand: <aMessage> 
Basic class>>showReadOnlyLBasic3IniNotice
[] in Basic class>>saveSetup
ExceptionHandler>>evaluateResponseBlock: <aBlockClosure> for: <aFileSystemAccessDenied> 
[] in ExceptionHandler>>handle:
ProtectedFrameMarker(BlockClosure)>>setUnwind: <aBlockClosure> 
BlockClosure>>invisibleEnsure: <aBlockClosure> 
ExceptionHandler>>handle: <aFileSystemAccessDenied> 
ExceptionHandler>>findHandler: <aFileSystemAccessDenied> 
FileSystemAccessDenied(Exception)>>activateHandler: <anExceptionHandler> 
FileSystemAccessDenied(Exception)>>handle
FileSystemAccessDenied(Exception)>>signal
FileSystemAccessDenied class(Exception class)>>signal
HostFileSystemError>>defaultAction
ExceptionHandler>>findHandler: <aHostFileSystemError> 
HostFileSystemError(Exception)>>activateHandler: <anExceptionHandler> 
HostFileSystemError(Exception)>>handle
HostFileSystemError(Exception)>>signal
HostFileSystemError class>>signalWith: <5> 
File class(FileSystemEntity class)>>osError: <5> 
File class(Object)>>osError
File class>>removeFileNamed: <'C:\Program Files (x8...'> 
File>>remove
File class>>newFile: <'C:\Program Files (x8...'> in: <aDirectory> 
File class>>newFile: <'C:\Program Files (x8...'> 
[] in Basic class>>saveSetup
ExceptionHandler>>evaluateProtectedBlock: <aBlockClosure> 
[] in ExceptionHandler>>activateDuring:
ProtectedFrameMarker(BlockClosure)>>setUnwind: <aBlockClosure> 
BlockClosure>>invisibleEnsure: <aBlockClosure> 
ExceptionHandler>>activateDuring: <aBlockClosure> 
ExceptionHandler class>>handle: <anError class> with: <aBlockClosure> during: <aBlockClosure> 
BlockClosure>>on: <anError class> do: <aBlockClosure> 
Basic class>>saveSetup
BasicSourceWindow>>addRecentFile: <'C:\Users\Roboman7\Do...'> 
BasicSourceWindow>>openFileNamed: <'C:\Users\Roboman7\Do...'> 
Basic class>>start
[] in SessionModel>>startBasic
ProtectedFrameMarker(BlockClosure)>>setUnwind: <aBlockClosure> 
BlockClosure>>ensure: <aBlockClosure> 
SessionModel>>startBasic
Message>>perform
NotificationManager>>empty
NotificationManager>>runPendingEvents
NotificationManager>>runEventLoop


Error log timestamp Saturday 03/22/14 10:12:25 PM

Runtime error: "iniFilename" not understood

MessageNotUnderstood>>defaultAction
MessageNotUnderstood(Exception)>>activateHandler: <anUndefinedObject> 
MessageNotUnderstood(Exception)>>handle
MessageNotUnderstood(Exception)>>signal
MessageNotUnderstood class>>message: <aMessage> 
Basic class(Object)>>doesNotUnderstand: <aMessage> 
Basic class>>showReadOnlyLBasic3IniNotice
[] in Basic class>>saveSetup
ExceptionHandler>>evaluateResponseBlock: <aBlockClosure> for: <aFileSystemAccessDenied> 
[] in ExceptionHandler>>handle:
ProtectedFrameMarker(BlockClosure)>>setUnwind: <aBlockClosure> 
BlockClosure>>invisibleEnsure: <aBlockClosure> 
ExceptionHandler>>handle: <aFileSystemAccessDenied> 
ExceptionHandler>>findHandler: <aFileSystemAccessDenied> 
FileSystemAccessDenied(Exception)>>activateHandler: <anExceptionHandler> 
FileSystemAccessDenied(Exception)>>handle
FileSystemAccessDenied(Exception)>>signal
FileSystemAccessDenied class(Exception class)>>signal
HostFileSystemError>>defaultAction
ExceptionHandler>>findHandler: <aHostFileSystemError> 
HostFileSystemError(Exception)>>activateHandler: <anExceptionHandler> 
HostFileSystemError(Exception)>>handle
HostFileSystemError(Exception)>>signal
HostFileSystemError class>>signalWith: <5> 
File class(FileSystemEntity class)>>osError: <5> 
File class(Object)>>osError
File class>>removeFileNamed: <'C:\Program Files (x8...'> 
File>>remove
File class>>newFile: <'C:\Program Files (x8...'> in: <aDirectory> 
File class>>newFile: <'C:\Program Files (x8...'> 
[] in Basic class>>saveSetup
ExceptionHandler>>evaluateProtectedBlock: <aBlockClosure> 
[] in ExceptionHandler>>activateDuring:
ProtectedFrameMarker(BlockClosure)>>setUnwind: <aBlockClosure> 
BlockClosure>>invisibleEnsure: <aBlockClosure> 
ExceptionHandler>>activateDuring: <aBlockClosure> 
ExceptionHandler class>>handle: <anError class> with: <aBlockClosure> during: <aBlockClosure> 
BlockClosure>>on: <anError class> do: <aBlockClosure> 
Basic class>>saveSetup
BasicSourceWindow>>addRecentFile: <'C:\Users\Daniel\Docu...'> 
BasicSourceWindow>>openFileNamed: <'C:\Users\Daniel\Docu...'> 
Basic class>>start
[] in SessionModel>>startBasic
ProtectedFrameMarker(BlockClosure)>>setUnwind: <aBlockClosure> 
BlockClosure>>ensure: <aBlockClosure> 
SessionModel>>startBasic
Message>>perform
NotificationManager>>empty
NotificationManager>>runPendingEvents
NotificationManager>>runEventLoop


Error log timestamp Saturday 03/22/14 10:13:08 PM

Runtime error: "iniFilename" not understood

MessageNotUnderstood>>defaultAction
MessageNotUnderstood(Exception)>>activateHandler: <anUndefinedObject> 
MessageNotUnderstood(Exception)>>handle
MessageNotUnderstood(Exception)>>signal
MessageNotUnderstood class>>message: <aMessage> 
Basic class(Object)>>doesNotUnderstand: <aMessage> 
Basic class>>showReadOnlyLBasic3IniNotice
[] in Basic class>>saveSetup
ExceptionHandler>>evaluateResponseBlock: <aBlockClosure> for: <aFileSystemAccessDenied> 
[] in ExceptionHandler>>handle:
ProtectedFrameMarker(BlockClosure)>>setUnwind: <aBlockClosure> 
BlockClosure>>invisibleEnsure: <aBlockClosure> 
ExceptionHandler>>handle: <aFileSystemAccessDenied> 
ExceptionHandler>>findHandler: <aFileSystemAccessDenied> 
FileSystemAccessDenied(Exception)>>activateHandler: <anExceptionHandler> 
FileSystemAccessDenied(Exception)>>handle
FileSystemAccessDenied(Exception)>>signal
FileSystemAccessDenied class(Exception class)>>signal
HostFileSystemError>>defaultAction
ExceptionHandler>>findHandler: <aHostFileSystemError> 
HostFileSystemError(Exception)>>activateHandler: <anExceptionHandler> 
HostFileSystemError(Exception)>>handle
HostFileSystemError(Exception)>>signal
HostFileSystemError class>>signalWith: <5> 
File class(FileSystemEntity class)>>osError: <5> 
File class(Object)>>osError
File class>>removeFileNamed: <'C:\Program Files (x8...'> 
File>>remove
File class>>newFile: <'C:\Program Files (x8...'> in: <aDirectory> 
File class>>newFile: <'C:\Program Files (x8...'> 
[] in Basic class>>saveSetup
ExceptionHandler>>evaluateProtectedBlock: <aBlockClosure> 
[] in ExceptionHandler>>activateDuring:
ProtectedFrameMarker(BlockClosure)>>setUnwind: <aBlockClosure> 
BlockClosure>>invisibleEnsure: <aBlockClosure> 
ExceptionHandler>>activateDuring: <aBlockClosure> 
ExceptionHandler class>>handle: <anError class> with: <aBlockClosure> during: <aBlockClosure> 
BlockClosure>>on: <anError class> do: <aBlockClosure> 
Basic class>>saveSetup
BasicSourceWindow>>addRecentFile: <'C:\Users\Roboman7\Do...'> 
BasicSourceWindow>>openFileNamed: <'C:\Users\Roboman7\Do...'> 
Basic class>>start
[] in SessionModel>>startBasic
ProtectedFrameMarker(BlockClosure)>>setUnwind: <aBlockClosure> 
BlockClosure>>ensure: <aBlockClosure> 
SessionModel>>startBasic
Message>>perform
NotificationManager>>empty
NotificationManager>>runPendingEvents
NotificationManager>>runEventLoop


Error log timestamp Saturday 03/22/14 10:21:10 PM

Runtime error: "iniFilename" not understood

MessageNotUnderstood>>defaultAction
MessageNotUnderstood(Exception)>>activateHandler: <anUndefinedObject> 
MessageNotUnderstood(Exception)>>handle
MessageNotUnderstood(Exception)>>signal
MessageNotUnderstood class>>message: <aMessage> 
Basic class(Object)>>doesNotUnderstand: <aMessage> 
Basic class>>showReadOnlyLBasic3IniNotice
[] in Basic class>>saveSetup
ExceptionHandler>>evaluateResponseBlock: <aBlockClosure> for: <aFileSystemAccessDenied> 
[] in ExceptionHandler>>handle:
ProtectedFrameMarker(BlockClosure)>>setUnwind: <aBlockClosure> 
BlockClosure>>invisibleEnsure: <aBlockClosure> 
ExceptionHandler>>handle: <aFileSystemAccessDenied> 
ExceptionHandler>>findHandler: <aFileSystemAccessDenied> 
FileSystemAccessDenied(Exception)>>activateHandler: <anExceptionHandler> 
FileSystemAccessDenied(Exception)>>handle
FileSystemAccessDenied(Exception)>>signal
FileSystemAccessDenied class(Exception class)>>signal
HostFileSystemError>>defaultAction
ExceptionHandler>>findHandler: <aHostFileSystemError> 
HostFileSystemError(Exception)>>activateHandler: <anExceptionHandler> 
HostFileSystemError(Exception)>>handle
HostFileSystemError(Exception)>>signal
HostFileSystemError class>>signalWith: <5> 
File class(FileSystemEntity class)>>osError: <5> 
File class(Object)>>osError
File class>>removeFileNamed: <'C:\Program Files (x8...'> 
File>>remove
File class>>newFile: <'C:\Program Files (x8...'> in: <aDirectory> 
File class>>newFile: <'C:\Program Files (x8...'> 
[] in Basic class>>saveSetup
ExceptionHandler>>evaluateProtectedBlock: <aBlockClosure> 
[] in ExceptionHandler>>activateDuring:
ProtectedFrameMarker(BlockClosure)>>setUnwind: <aBlockClosure> 
BlockClosure>>invisibleEnsure: <aBlockClosure> 
ExceptionHandler>>activateDuring: <aBlockClosure> 
ExceptionHandler class>>handle: <anError class> with: <aBlockClosure> during: <aBlockClosure> 
BlockClosure>>on: <anError class> do: <aBlockClosure> 
Basic class>>saveSetup
BasicSourceWindow>>addRecentFile: <'C:\Users\Daniel\Docu...'> 
BasicSourceWindow>>openFileNamed: <'C:\Users\Daniel\Docu...'> 
Basic class>>start
[] in SessionModel>>startBasic
ProtectedFrameMarker(BlockClosure)>>setUnwind: <aBlockClosure> 
BlockClosure>>ensure: <aBlockClosure> 
SessionModel>>startBasic
Message>>perform
NotificationManager>>empty
NotificationManager>>runPendingEvents
NotificationManager>>runEventLoop


<<<<<<< HEAD
Error log timestamp Saturday 03/22/14 10:23:47 PM
=======
Error log timestamp Saturday 03/22/14 10:22:13 PM
>>>>>>> f9837e157ad38ece6b8aa0566b424a6ba648a7e1

Runtime error: "iniFilename" not understood

MessageNotUnderstood>>defaultAction
MessageNotUnderstood(Exception)>>activateHandler: <anUndefinedObject> 
MessageNotUnderstood(Exception)>>handle
MessageNotUnderstood(Exception)>>signal
MessageNotUnderstood class>>message: <aMessage> 
Basic class(Object)>>doesNotUnderstand: <aMessage> 
Basic class>>showReadOnlyLBasic3IniNotice
[] in Basic class>>saveSetup
ExceptionHandler>>evaluateResponseBlock: <aBlockClosure> for: <aFileSystemAccessDenied> 
[] in ExceptionHandler>>handle:
ProtectedFrameMarker(BlockClosure)>>setUnwind: <aBlockClosure> 
BlockClosure>>invisibleEnsure: <aBlockClosure> 
ExceptionHandler>>handle: <aFileSystemAccessDenied> 
ExceptionHandler>>findHandler: <aFileSystemAccessDenied> 
FileSystemAccessDenied(Exception)>>activateHandler: <anExceptionHandler> 
FileSystemAccessDenied(Exception)>>handle
FileSystemAccessDenied(Exception)>>signal
FileSystemAccessDenied class(Exception class)>>signal
HostFileSystemError>>defaultAction
ExceptionHandler>>findHandler: <aHostFileSystemError> 
HostFileSystemError(Exception)>>activateHandler: <anExceptionHandler> 
HostFileSystemError(Exception)>>handle
HostFileSystemError(Exception)>>signal
HostFileSystemError class>>signalWith: <5> 
File class(FileSystemEntity class)>>osError: <5> 
File class(Object)>>osError
File class>>removeFileNamed: <'C:\Program Files (x8...'> 
File>>remove
File class>>newFile: <'C:\Program Files (x8...'> in: <aDirectory> 
File class>>newFile: <'C:\Program Files (x8...'> 
[] in Basic class>>saveSetup
ExceptionHandler>>evaluateProtectedBlock: <aBlockClosure> 
[] in ExceptionHandler>>activateDuring:
ProtectedFrameMarker(BlockClosure)>>setUnwind: <aBlockClosure> 
BlockClosure>>invisibleEnsure: <aBlockClosure> 
ExceptionHandler>>activateDuring: <aBlockClosure> 
ExceptionHandler class>>handle: <anError class> with: <aBlockClosure> during: <aBlockClosure> 
BlockClosure>>on: <anError class> do: <aBlockClosure> 
Basic class>>saveSetup
<<<<<<< HEAD
BasicSourceWindow>>addRecentFile: <'C:\Users\Roboman7\Do...'> 
BasicSourceWindow>>openFileNamed: <'C:\Users\Roboman7\Do...'> 
Basic class>>start
[] in SessionModel>>startBasic
ProtectedFrameMarker(BlockClosure)>>setUnwind: <aBlockClosure> 
BlockClosure>>ensure: <aBlockClosure> 
SessionModel>>startBasic
Message>>perform
NotificationManager>>empty
NotificationManager>>runPendingEvents
NotificationManager>>runEventLoop


Error log timestamp Saturday 03/22/14 10:24:01 PM

Runtime error: "iniFilename" not understood

MessageNotUnderstood>>defaultAction
MessageNotUnderstood(Exception)>>activateHandler: <anUndefinedObject> 
MessageNotUnderstood(Exception)>>handle
MessageNotUnderstood(Exception)>>signal
MessageNotUnderstood class>>message: <aMessage> 
Basic class(Object)>>doesNotUnderstand: <aMessage> 
Basic class>>showReadOnlyLBasic3IniNotice
[] in Basic class>>saveSetup
ExceptionHandler>>evaluateResponseBlock: <aBlockClosure> for: <aFileSystemAccessDenied> 
[] in ExceptionHandler>>handle:
ProtectedFrameMarker(BlockClosure)>>setUnwind: <aBlockClosure> 
BlockClosure>>invisibleEnsure: <aBlockClosure> 
ExceptionHandler>>handle: <aFileSystemAccessDenied> 
ExceptionHandler>>findHandler: <aFileSystemAccessDenied> 
FileSystemAccessDenied(Exception)>>activateHandler: <anExceptionHandler> 
FileSystemAccessDenied(Exception)>>handle
FileSystemAccessDenied(Exception)>>signal
FileSystemAccessDenied class(Exception class)>>signal
HostFileSystemError>>defaultAction
ExceptionHandler>>findHandler: <aHostFileSystemError> 
HostFileSystemError(Exception)>>activateHandler: <anExceptionHandler> 
HostFileSystemError(Exception)>>handle
HostFileSystemError(Exception)>>signal
HostFileSystemError class>>signalWith: <5> 
File class(FileSystemEntity class)>>osError: <5> 
File class(Object)>>osError
File class>>removeFileNamed: <'C:\Program Files (x8...'> 
File>>remove
File class>>newFile: <'C:\Program Files (x8...'> in: <aDirectory> 
File class>>newFile: <'C:\Program Files (x8...'> 
[] in Basic class>>saveSetup
ExceptionHandler>>evaluateProtectedBlock: <aBlockClosure> 
[] in ExceptionHandler>>activateDuring:
ProtectedFrameMarker(BlockClosure)>>setUnwind: <aBlockClosure> 
BlockClosure>>invisibleEnsure: <aBlockClosure> 
ExceptionHandler>>activateDuring: <aBlockClosure> 
ExceptionHandler class>>handle: <anError class> with: <aBlockClosure> during: <aBlockClosure> 
BlockClosure>>on: <anError class> do: <aBlockClosure> 
Basic class>>saveSetup
BasicSourceWindow>>addRecentFile: <'C:\Users\Roboman7\Do...'> 
BasicSourceWindow>>openFileNamed: <'C:\Users\Roboman7\Do...'> 
Basic class>>start
[] in SessionModel>>startBasic
ProtectedFrameMarker(BlockClosure)>>setUnwind: <aBlockClosure> 
BlockClosure>>ensure: <aBlockClosure> 
SessionModel>>startBasic
Message>>perform
NotificationManager>>empty
NotificationManager>>runPendingEvents
NotificationManager>>runEventLoop


Error log timestamp Saturday 03/22/14 10:24:09 PM

Runtime error: "iniFilename" not understood

MessageNotUnderstood>>defaultAction
MessageNotUnderstood(Exception)>>activateHandler: <anUndefinedObject> 
MessageNotUnderstood(Exception)>>handle
MessageNotUnderstood(Exception)>>signal
MessageNotUnderstood class>>message: <aMessage> 
Basic class(Object)>>doesNotUnderstand: <aMessage> 
Basic class>>showReadOnlyLBasic3IniNotice
[] in Basic class>>saveSetup
ExceptionHandler>>evaluateResponseBlock: <aBlockClosure> for: <aFileSystemAccessDenied> 
[] in ExceptionHandler>>handle:
ProtectedFrameMarker(BlockClosure)>>setUnwind: <aBlockClosure> 
BlockClosure>>invisibleEnsure: <aBlockClosure> 
ExceptionHandler>>handle: <aFileSystemAccessDenied> 
ExceptionHandler>>findHandler: <aFileSystemAccessDenied> 
FileSystemAccessDenied(Exception)>>activateHandler: <anExceptionHandler> 
FileSystemAccessDenied(Exception)>>handle
FileSystemAccessDenied(Exception)>>signal
FileSystemAccessDenied class(Exception class)>>signal
HostFileSystemError>>defaultAction
ExceptionHandler>>findHandler: <aHostFileSystemError> 
HostFileSystemError(Exception)>>activateHandler: <anExceptionHandler> 
HostFileSystemError(Exception)>>handle
HostFileSystemError(Exception)>>signal
HostFileSystemError class>>signalWith: <5> 
File class(FileSystemEntity class)>>osError: <5> 
File class(Object)>>osError
File class>>removeFileNamed: <'C:\Program Files (x8...'> 
File>>remove
File class>>newFile: <'C:\Program Files (x8...'> in: <aDirectory> 
File class>>newFile: <'C:\Program Files (x8...'> 
[] in Basic class>>saveSetup
ExceptionHandler>>evaluateProtectedBlock: <aBlockClosure> 
[] in ExceptionHandler>>activateDuring:
ProtectedFrameMarker(BlockClosure)>>setUnwind: <aBlockClosure> 
BlockClosure>>invisibleEnsure: <aBlockClosure> 
ExceptionHandler>>activateDuring: <aBlockClosure> 
ExceptionHandler class>>handle: <anError class> with: <aBlockClosure> during: <aBlockClosure> 
BlockClosure>>on: <anError class> do: <aBlockClosure> 
Basic class>>saveSetup
BasicSourceWindow>>addRecentFile: <'C:\Users\Roboman7\Do...'> 
BasicSourceWindow>>openFileNamed: <'C:\Users\Roboman7\Do...'> 
=======
BasicSourceWindow>>addRecentFile: <'C:\Users\Daniel\Docu...'> 
BasicSourceWindow>>openFileNamed: <'C:\Users\Daniel\Docu...'> 
>>>>>>> f9837e157ad38ece6b8aa0566b424a6ba648a7e1
Basic class>>start
[] in SessionModel>>startBasic
ProtectedFrameMarker(BlockClosure)>>setUnwind: <aBlockClosure> 
BlockClosure>>ensure: <aBlockClosure> 
SessionModel>>startBasic
Message>>perform
NotificationManager>>empty
NotificationManager>>runPendingEvents
NotificationManager>>runEventLoop


Error log timestamp Saturday 03/22/14 10:28:05 PM

Runtime error: "iniFilename" not understood

MessageNotUnderstood>>defaultAction
MessageNotUnderstood(Exception)>>activateHandler: <anUndefinedObject> 
MessageNotUnderstood(Exception)>>handle
MessageNotUnderstood(Exception)>>signal
MessageNotUnderstood class>>message: <aMessage> 
Basic class(Object)>>doesNotUnderstand: <aMessage> 
Basic class>>showReadOnlyLBasic3IniNotice
[] in Basic class>>saveSetup
ExceptionHandler>>evaluateResponseBlock: <aBlockClosure> for: <aFileSystemAccessDenied> 
[] in ExceptionHandler>>handle:
ProtectedFrameMarker(BlockClosure)>>setUnwind: <aBlockClosure> 
BlockClosure>>invisibleEnsure: <aBlockClosure> 
ExceptionHandler>>handle: <aFileSystemAccessDenied> 
ExceptionHandler>>findHandler: <aFileSystemAccessDenied> 
FileSystemAccessDenied(Exception)>>activateHandler: <anExceptionHandler> 
FileSystemAccessDenied(Exception)>>handle
FileSystemAccessDenied(Exception)>>signal
FileSystemAccessDenied class(Exception class)>>signal
HostFileSystemError>>defaultAction
ExceptionHandler>>findHandler: <aHostFileSystemError> 
HostFileSystemError(Exception)>>activateHandler: <anExceptionHandler> 
HostFileSystemError(Exception)>>handle
HostFileSystemError(Exception)>>signal
HostFileSystemError class>>signalWith: <5> 
File class(FileSystemEntity class)>>osError: <5> 
File class(Object)>>osError
File class>>removeFileNamed: <'C:\Program Files (x8...'> 
File>>remove
File class>>newFile: <'C:\Program Files (x8...'> in: <aDirectory> 
File class>>newFile: <'C:\Program Files (x8...'> 
[] in Basic class>>saveSetup
ExceptionHandler>>evaluateProtectedBlock: <aBlockClosure> 
[] in ExceptionHandler>>activateDuring:
ProtectedFrameMarker(BlockClosure)>>setUnwind: <aBlockClosure> 
BlockClosure>>invisibleEnsure: <aBlockClosure> 
ExceptionHandler>>activateDuring: <aBlockClosure> 
ExceptionHandler class>>handle: <anError class> with: <aBlockClosure> during: <aBlockClosure> 
BlockClosure>>on: <anError class> do: <aBlockClosure> 
Basic class>>saveSetup
BasicSourceWindow>>addRecentFile: <'C:\Users\Daniel\Docu...'> 
BasicSourceWindow>>openFileNamed: <'C:\Users\Daniel\Docu...'> 
Basic class>>start
[] in SessionModel>>startBasic
ProtectedFrameMarker(BlockClosure)>>setUnwind: <aBlockClosure> 
BlockClosure>>ensure: <aBlockClosure> 
SessionModel>>startBasic
Message>>perform
NotificationManager>>empty
NotificationManager>>runPendingEvents
NotificationManager>>runEventLoop


Error log timestamp Saturday 03/22/14 10:29:39 PM

Runtime error: File C:\Users\Daniel\Documents\GitHub\Mario-Game\media\bg.bmp not found.

Error(Exception)>>defaultAction
Error(Exception)>>activateHandler: <anUndefinedObject> 
Error(Exception)>>handle
Error(Exception)>>signal
Error class(Exception class)>>signal: <'File C:\Users\Daniel...'> 
BasicProgram(Object)>>error: <'File C:\Users\Daniel...'> 
BasicProgram>>terminateRun: <anError> 
[] in BasicProgram>>errorHandlerBlock
ExceptionHandler>>evaluateResponseBlock: <aBlockClosure> for: <anError> 
[] in ExceptionHandler>>handle:
ProtectedFrameMarker(BlockClosure)>>setUnwind: <aBlockClosure> 
BlockClosure>>invisibleEnsure: <aBlockClosure> 
ExceptionHandler>>handle: <anError> 
ExceptionHandler>>findHandler: <anError> 
Error(Exception)>>activateHandler: <anExceptionHandler> 
Error(Exception)>>handle
Error(Exception)>>signal
Error class(Exception class)>>signal: <'File C:\Users\Daniel...'> 
BasicProgram(Object)>>error: <'File C:\Users\Daniel...'> 
BasicProgram>>runError: <'File C:\Users\Daniel...'> 
BasicProgram>>bmpFromFile: <'C:\Users\Daniel\Docu...'> 
BasicProgram>>bmpLoad: <aBasicStringContext> with: <aBasicStringContext> 
[] in BmpLoadCommand>>using:
[] in BasicProgram>>begin
ExceptionHandler>>evaluateProtectedBlock: <aBlockClosure> 
[] in ExceptionHandler>>activateDuring:
ProtectedFrameMarker(BlockClosure)>>setUnwind: <aBlockClosure> 
BlockClosure>>invisibleEnsure: <aBlockClosure> 
ExceptionHandler>>activateDuring: <aBlockClosure> 
ExceptionHandler class>>handle: <anError class> with: <aBlockClosure> during: <aBlockClosure> 
BlockClosure>>on: <anError class> do: <aBlockClosure> 
BasicProgram>>begin
BasicProgram>>run
[] in BasicSourcePane>>run
BasicCompiler class>>compileFromString: <'
''Hi sam!
nomainwi...'> notify: <aBasicSourcePane> ifSuccess: <aBlockClosure> 
BasicSourcePane>>run
BasicSourceWindow>>run
BasicEditorModel>>run: <aToolbarButton> 
ToolbarButton>>triggerClickedEvent
Message>>perform
NotificationManager>>runPendingEvents
NotificationManager>>runEventLoop
Message>>perform
Message>>evaluate
Process>>safelyEvaluate: <aMessage> 
Process>>evaluate: <aMessage> 


Error log timestamp Saturday 03/22/14 10:30:30 PM

Runtime error: Invalid bitmap format

Error(Exception)>>defaultAction
Error(Exception)>>activateHandler: <anUndefinedObject> 
Error(Exception)>>handle
Error(Exception)>>signal
Error class(Exception class)>>signal: <'Invalid bitmap forma...'> 
BasicProgram(Object)>>error: <'Invalid bitmap forma...'> 
BasicProgram>>terminateRun: <anError> 
[] in BasicProgram>>errorHandlerBlock
ExceptionHandler>>evaluateResponseBlock: <aBlockClosure> for: <anError> 
[] in ExceptionHandler>>handle:
ProtectedFrameMarker(BlockClosure)>>setUnwind: <aBlockClosure> 
BlockClosure>>invisibleEnsure: <aBlockClosure> 
ExceptionHandler>>handle: <anError> 
ExceptionHandler>>findHandler: <anError> 
Error(Exception)>>activateHandler: <anExceptionHandler> 
Error(Exception)>>handle
Error(Exception)>>signal
Error class(Exception class)>>signal: <'Invalid bitmap forma...'> 
DIB class(Object)>>error: <'Invalid bitmap forma...'> 
DIB class>>fromFileStream: <aFileStream> 
DIB class>>fromFile: <'C:\Users\Daniel\Docu...'> in: <aDirectory> 
DIB class>>fromFile: <'C:\Users\Daniel\Docu...'> 
Bitmap class>>fromFile: <'C:\Users\Daniel\Docu...'> 
BasicProgram>>bmpFromFile: <'C:\Users\Daniel\Docu...'> 
BasicProgram>>bmpLoad: <aBasicStringContext> with: <aBasicStringContext> 
[] in BmpLoadCommand>>using:
[] in BasicProgram>>begin
ExceptionHandler>>evaluateProtectedBlock: <aBlockClosure> 
[] in ExceptionHandler>>activateDuring:
ProtectedFrameMarker(BlockClosure)>>setUnwind: <aBlockClosure> 
BlockClosure>>invisibleEnsure: <aBlockClosure> 
ExceptionHandler>>activateDuring: <aBlockClosure> 
ExceptionHandler class>>handle: <anError class> with: <aBlockClosure> during: <aBlockClosure> 
BlockClosure>>on: <anError class> do: <aBlockClosure> 
BasicProgram>>begin
BasicProgram>>run
[] in BasicSourcePane>>run
BasicCompiler class>>compileFromString: <'
''Hi sam!
nomainwi...'> notify: <aBasicSourcePane> ifSuccess: <aBlockClosure> 
BasicSourcePane>>run
BasicSourceWindow>>run
BasicEditorModel>>run: <aToolbarButton> 
ToolbarButton>>triggerClickedEvent
Message>>perform
NotificationManager>>runPendingEvents
NotificationManager>>runEventLoop
Message>>perform
Message>>evaluate
Process>>safelyEvaluate: <aMessage> 
Process>>evaluate: <aMessage> 
